2018-09-15 14:29:43,196 - Log4JLogChute initialized using file 'velocity.log'
2018-09-15 14:29:43,197 - Initializing Velocity, Calling init()...
2018-09-15 14:29:43,197 - Starting Apache Velocity v1.7 (compiled: 2010-11-19 12:14:37)
2018-09-15 14:29:43,197 - Default Properties File: org\apache\velocity\runtime\defaults\velocity.properties
2018-09-15 14:29:43,197 - Trying to use logger class org.apache.velocity.runtime.log.AvalonLogChute
2018-09-15 14:29:43,197 - Target log system for org.apache.velocity.runtime.log.AvalonLogChute is not available (java.lang.NoClassDefFoundError: org/apache/log/format/Formatter).  Falling back to next log system...
2018-09-15 14:29:43,197 - Trying to use logger class org.apache.velocity.runtime.log.Log4JLogChute
2018-09-15 14:29:43,197 - Using logger class org.apache.velocity.runtime.log.Log4JLogChute
2018-09-15 14:29:43,202 - ResourceLoader instantiated: org.apache.velocity.runtime.resource.loader.ClasspathResourceLoader
2018-09-15 14:29:43,238 - ResourceCache: initialized (class org.apache.velocity.runtime.resource.ResourceCacheImpl) with class java.util.Collections$SynchronizedMap cache map.
2018-09-15 14:29:43,240 - Loaded System Directive: org.apache.velocity.runtime.directive.Stop
2018-09-15 14:29:43,241 - Loaded System Directive: org.apache.velocity.runtime.directive.Define
2018-09-15 14:29:43,242 - Loaded System Directive: org.apache.velocity.runtime.directive.Break
2018-09-15 14:29:43,243 - Loaded System Directive: org.apache.velocity.runtime.directive.Evaluate
2018-09-15 14:29:43,244 - Loaded System Directive: org.apache.velocity.runtime.directive.Literal
2018-09-15 14:29:43,245 - Loaded System Directive: org.apache.velocity.runtime.directive.Macro
2018-09-15 14:29:43,247 - Loaded System Directive: org.apache.velocity.runtime.directive.Parse
2018-09-15 14:29:43,248 - Loaded System Directive: org.apache.velocity.runtime.directive.Include
2018-09-15 14:29:43,249 - Loaded System Directive: org.apache.velocity.runtime.directive.Foreach
2018-09-15 14:29:43,286 - Created '20' parsers.
2018-09-15 14:29:43,301 - Velocimacro : "velocimacro.library" is not set.  Trying default library: VM_global_library.vm
2018-09-15 14:29:43,301 - Could not load resource 'VM_global_library.vm' from ResourceLoader org.apache.velocity.runtime.resource.loader.ClasspathResourceLoader: ClasspathResourceLoader Error: cannot find resource VM_global_library.vm
2018-09-15 14:29:43,301 - Velocimacro : Default library not found.
2018-09-15 14:29:43,302 - Velocimacro : allowInline = true : VMs can be defined inline in templates
2018-09-15 14:29:43,302 - Velocimacro : allowInlineToOverride = false : VMs defined inline may NOT replace previous VM definitions
2018-09-15 14:29:43,302 - Velocimacro : allowInlineLocal = false : VMs defined inline will be global in scope if allowed.
2018-09-15 14:29:43,302 - Velocimacro : autoload off : VM system will not automatically reload global library macros
2018-09-15 14:29:43,329 - ResourceManager : found /template/entity.java.vm with loader org.apache.velocity.runtime.resource.loader.ClasspathResourceLoader
2018-09-15 14:29:43,355 - Null reference [template '/template/entity.java.vm', line 17, column 12] : ${author} cannot be resolved.
2018-09-15 14:29:43,368 - ResourceManager : found /template/mapper.java.vm with loader org.apache.velocity.runtime.resource.loader.ClasspathResourceLoader
2018-09-15 14:29:43,370 - Null reference [template '/template/mapper.java.vm', line 11, column 12] : ${author} cannot be resolved.
2018-09-15 14:29:43,379 - ResourceManager : found /template/mapper.xml.vm with loader org.apache.velocity.runtime.resource.loader.ClasspathResourceLoader
2018-09-15 14:29:43,383 - ResourceManager : found /template/boot.service.java.vm with loader org.apache.velocity.runtime.resource.loader.ClasspathResourceLoader
2018-09-15 14:29:43,384 - Null reference [template '/template/boot.service.java.vm', line 11, column 12] : ${author} cannot be resolved.
2018-09-15 14:29:43,390 - ResourceManager : found /template/serviceImpl.java.vm with loader org.apache.velocity.runtime.resource.loader.ClasspathResourceLoader
2018-09-15 14:29:43,392 - Null reference [template '/template/serviceImpl.java.vm', line 14, column 12] : ${author} cannot be resolved.
2018-09-15 14:29:43,395 - ResourceManager : found /template/xz.cont.controller.java.vm with loader org.apache.velocity.runtime.resource.loader.ClasspathResourceLoader
2018-09-15 14:29:43,397 - Null reference [template '/template/xz.cont.controller.java.vm', line 14, column 12] : ${author} cannot be resolved.
2018-09-15 14:32:23,261 - Log4JLogChute initialized using file 'velocity.log'
2018-09-15 14:32:23,261 - Initializing Velocity, Calling init()...
2018-09-15 14:32:23,261 - Starting Apache Velocity v1.7 (compiled: 2010-11-19 12:14:37)
2018-09-15 14:32:23,261 - Default Properties File: org\apache\velocity\runtime\defaults\velocity.properties
2018-09-15 14:32:23,262 - Trying to use logger class org.apache.velocity.runtime.log.AvalonLogChute
2018-09-15 14:32:23,262 - Target log system for org.apache.velocity.runtime.log.AvalonLogChute is not available (java.lang.NoClassDefFoundError: org/apache/log/format/Formatter).  Falling back to next log system...
2018-09-15 14:32:23,262 - Trying to use logger class org.apache.velocity.runtime.log.Log4JLogChute
2018-09-15 14:32:23,262 - Using logger class org.apache.velocity.runtime.log.Log4JLogChute
2018-09-15 14:32:23,266 - ResourceLoader instantiated: org.apache.velocity.runtime.resource.loader.ClasspathResourceLoader
2018-09-15 14:32:23,289 - ResourceCache: initialized (class org.apache.velocity.runtime.resource.ResourceCacheImpl) with class java.util.Collections$SynchronizedMap cache map.
2018-09-15 14:32:23,291 - Loaded System Directive: org.apache.velocity.runtime.directive.Stop
2018-09-15 14:32:23,292 - Loaded System Directive: org.apache.velocity.runtime.directive.Define
2018-09-15 14:32:23,293 - Loaded System Directive: org.apache.velocity.runtime.directive.Break
2018-09-15 14:32:23,294 - Loaded System Directive: org.apache.velocity.runtime.directive.Evaluate
2018-09-15 14:32:23,295 - Loaded System Directive: org.apache.velocity.runtime.directive.Literal
2018-09-15 14:32:23,296 - Loaded System Directive: org.apache.velocity.runtime.directive.Macro
2018-09-15 14:32:23,298 - Loaded System Directive: org.apache.velocity.runtime.directive.Parse
2018-09-15 14:32:23,300 - Loaded System Directive: org.apache.velocity.runtime.directive.Include
2018-09-15 14:32:23,301 - Loaded System Directive: org.apache.velocity.runtime.directive.Foreach
2018-09-15 14:32:23,328 - Created '20' parsers.
2018-09-15 14:32:23,349 - Velocimacro : "velocimacro.library" is not set.  Trying default library: VM_global_library.vm
2018-09-15 14:32:23,350 - Could not load resource 'VM_global_library.vm' from ResourceLoader org.apache.velocity.runtime.resource.loader.ClasspathResourceLoader: ClasspathResourceLoader Error: cannot find resource VM_global_library.vm
2018-09-15 14:32:23,350 - Velocimacro : Default library not found.
2018-09-15 14:32:23,350 - Velocimacro : allowInline = true : VMs can be defined inline in templates
2018-09-15 14:32:23,350 - Velocimacro : allowInlineToOverride = false : VMs defined inline may NOT replace previous VM definitions
2018-09-15 14:32:23,350 - Velocimacro : allowInlineLocal = false : VMs defined inline will be global in scope if allowed.
2018-09-15 14:32:23,350 - Velocimacro : autoload off : VM system will not automatically reload global library macros
2018-09-15 14:32:23,378 - ResourceManager : found /template/entity.java.vm with loader org.apache.velocity.runtime.resource.loader.ClasspathResourceLoader
2018-09-15 14:32:23,388 - Null reference [template '/template/entity.java.vm', line 17, column 12] : ${author} cannot be resolved.
2018-09-15 14:32:23,397 - ResourceManager : found /template/mapper.java.vm with loader org.apache.velocity.runtime.resource.loader.ClasspathResourceLoader
2018-09-15 14:32:23,399 - Null reference [template '/template/mapper.java.vm', line 11, column 12] : ${author} cannot be resolved.
2018-09-15 14:32:23,404 - ResourceManager : found /template/mapper.xml.vm with loader org.apache.velocity.runtime.resource.loader.ClasspathResourceLoader
2018-09-15 14:32:23,411 - ResourceManager : found /template/boot.service.java.vm with loader org.apache.velocity.runtime.resource.loader.ClasspathResourceLoader
2018-09-15 14:32:23,412 - Null reference [template '/template/boot.service.java.vm', line 11, column 12] : ${author} cannot be resolved.
2018-09-15 14:32:23,415 - ResourceManager : found /template/serviceImpl.java.vm with loader org.apache.velocity.runtime.resource.loader.ClasspathResourceLoader
2018-09-15 14:32:23,416 - Null reference [template '/template/serviceImpl.java.vm', line 14, column 12] : ${author} cannot be resolved.
2018-09-15 14:32:23,420 - ResourceManager : found /template/xz.cont.controller.java.vm with loader org.apache.velocity.runtime.resource.loader.ClasspathResourceLoader
2018-09-15 14:32:23,421 - Null reference [template '/template/xz.cont.controller.java.vm', line 14, column 12] : ${author} cannot be resolved.
2018-09-15 14:33:24,599 - Log4JLogChute initialized using file 'velocity.log'
2018-09-15 14:33:24,600 - Initializing Velocity, Calling init()...
2018-09-15 14:33:24,600 - Starting Apache Velocity v1.7 (compiled: 2010-11-19 12:14:37)
2018-09-15 14:33:24,600 - Default Properties File: org\apache\velocity\runtime\defaults\velocity.properties
2018-09-15 14:33:24,600 - Trying to use logger class org.apache.velocity.runtime.log.AvalonLogChute
2018-09-15 14:33:24,600 - Target log system for org.apache.velocity.runtime.log.AvalonLogChute is not available (java.lang.NoClassDefFoundError: org/apache/log/format/Formatter).  Falling back to next log system...
2018-09-15 14:33:24,600 - Trying to use logger class org.apache.velocity.runtime.log.Log4JLogChute
2018-09-15 14:33:24,600 - Using logger class org.apache.velocity.runtime.log.Log4JLogChute
2018-09-15 14:33:24,603 - ResourceLoader instantiated: org.apache.velocity.runtime.resource.loader.ClasspathResourceLoader
2018-09-15 14:33:24,620 - ResourceCache: initialized (class org.apache.velocity.runtime.resource.ResourceCacheImpl) with class java.util.Collections$SynchronizedMap cache map.
2018-09-15 14:33:24,622 - Loaded System Directive: org.apache.velocity.runtime.directive.Stop
2018-09-15 14:33:24,624 - Loaded System Directive: org.apache.velocity.runtime.directive.Define
2018-09-15 14:33:24,625 - Loaded System Directive: org.apache.velocity.runtime.directive.Break
2018-09-15 14:33:24,626 - Loaded System Directive: org.apache.velocity.runtime.directive.Evaluate
2018-09-15 14:33:24,627 - Loaded System Directive: org.apache.velocity.runtime.directive.Literal
2018-09-15 14:33:24,629 - Loaded System Directive: org.apache.velocity.runtime.directive.Macro
2018-09-15 14:33:24,630 - Loaded System Directive: org.apache.velocity.runtime.directive.Parse
2018-09-15 14:33:24,632 - Loaded System Directive: org.apache.velocity.runtime.directive.Include
2018-09-15 14:33:24,634 - Loaded System Directive: org.apache.velocity.runtime.directive.Foreach
2018-09-15 14:33:24,667 - Created '20' parsers.
2018-09-15 14:33:24,685 - Velocimacro : "velocimacro.library" is not set.  Trying default library: VM_global_library.vm
2018-09-15 14:33:24,685 - Could not load resource 'VM_global_library.vm' from ResourceLoader org.apache.velocity.runtime.resource.loader.ClasspathResourceLoader: ClasspathResourceLoader Error: cannot find resource VM_global_library.vm
2018-09-15 14:33:24,685 - Velocimacro : Default library not found.
2018-09-15 14:33:24,685 - Velocimacro : allowInline = true : VMs can be defined inline in templates
2018-09-15 14:33:24,686 - Velocimacro : allowInlineToOverride = false : VMs defined inline may NOT replace previous VM definitions
2018-09-15 14:33:24,686 - Velocimacro : allowInlineLocal = false : VMs defined inline will be global in scope if allowed.
2018-09-15 14:33:24,686 - Velocimacro : autoload off : VM system will not automatically reload global library macros
2018-09-15 14:33:24,710 - ResourceManager : found /template/entity.java.vm with loader org.apache.velocity.runtime.resource.loader.ClasspathResourceLoader
2018-09-15 14:33:24,719 - Null reference [template '/template/entity.java.vm', line 17, column 12] : ${author} cannot be resolved.
2018-09-15 14:33:24,727 - ResourceManager : found /template/mapper.java.vm with loader org.apache.velocity.runtime.resource.loader.ClasspathResourceLoader
2018-09-15 14:33:24,729 - Null reference [template '/template/mapper.java.vm', line 11, column 12] : ${author} cannot be resolved.
2018-09-15 14:33:24,733 - ResourceManager : found /template/mapper.xml.vm with loader org.apache.velocity.runtime.resource.loader.ClasspathResourceLoader
2018-09-15 14:33:24,738 - ResourceManager : found /template/boot.service.java.vm with loader org.apache.velocity.runtime.resource.loader.ClasspathResourceLoader
2018-09-15 14:33:24,739 - Null reference [template '/template/boot.service.java.vm', line 11, column 12] : ${author} cannot be resolved.
2018-09-15 14:33:24,741 - ResourceManager : found /template/serviceImpl.java.vm with loader org.apache.velocity.runtime.resource.loader.ClasspathResourceLoader
2018-09-15 14:33:24,742 - Null reference [template '/template/serviceImpl.java.vm', line 14, column 12] : ${author} cannot be resolved.
2018-09-15 14:33:24,745 - ResourceManager : found /template/xz.cont.controller.java.vm with loader org.apache.velocity.runtime.resource.loader.ClasspathResourceLoader
2018-09-15 14:33:24,747 - Null reference [template '/template/xz.cont.controller.java.vm', line 14, column 12] : ${author} cannot be resolved.
2018-09-15 14:33:47,113 - Log4JLogChute initialized using file 'velocity.log'
2018-09-15 14:33:47,113 - Initializing Velocity, Calling init()...
2018-09-15 14:33:47,113 - Starting Apache Velocity v1.7 (compiled: 2010-11-19 12:14:37)
2018-09-15 14:33:47,113 - Default Properties File: org\apache\velocity\runtime\defaults\velocity.properties
2018-09-15 14:33:47,113 - Trying to use logger class org.apache.velocity.runtime.log.AvalonLogChute
2018-09-15 14:33:47,113 - Target log system for org.apache.velocity.runtime.log.AvalonLogChute is not available (java.lang.NoClassDefFoundError: org/apache/log/format/Formatter).  Falling back to next log system...
2018-09-15 14:33:47,113 - Trying to use logger class org.apache.velocity.runtime.log.Log4JLogChute
2018-09-15 14:33:47,113 - Using logger class org.apache.velocity.runtime.log.Log4JLogChute
2018-09-15 14:33:47,119 - ResourceLoader instantiated: org.apache.velocity.runtime.resource.loader.ClasspathResourceLoader
2018-09-15 14:33:47,150 - ResourceCache: initialized (class org.apache.velocity.runtime.resource.ResourceCacheImpl) with class java.util.Collections$SynchronizedMap cache map.
2018-09-15 14:33:47,155 - Loaded System Directive: org.apache.velocity.runtime.directive.Stop
2018-09-15 14:33:47,156 - Loaded System Directive: org.apache.velocity.runtime.directive.Define
2018-09-15 14:33:47,157 - Loaded System Directive: org.apache.velocity.runtime.directive.Break
2018-09-15 14:33:47,158 - Loaded System Directive: org.apache.velocity.runtime.directive.Evaluate
2018-09-15 14:33:47,159 - Loaded System Directive: org.apache.velocity.runtime.directive.Literal
2018-09-15 14:33:47,160 - Loaded System Directive: org.apache.velocity.runtime.directive.Macro
2018-09-15 14:33:47,162 - Loaded System Directive: org.apache.velocity.runtime.directive.Parse
2018-09-15 14:33:47,163 - Loaded System Directive: org.apache.velocity.runtime.directive.Include
2018-09-15 14:33:47,165 - Loaded System Directive: org.apache.velocity.runtime.directive.Foreach
2018-09-15 14:33:47,198 - Created '20' parsers.
2018-09-15 14:33:47,214 - Velocimacro : "velocimacro.library" is not set.  Trying default library: VM_global_library.vm
2018-09-15 14:33:47,215 - Could not load resource 'VM_global_library.vm' from ResourceLoader org.apache.velocity.runtime.resource.loader.ClasspathResourceLoader: ClasspathResourceLoader Error: cannot find resource VM_global_library.vm
2018-09-15 14:33:47,215 - Velocimacro : Default library not found.
2018-09-15 14:33:47,215 - Velocimacro : allowInline = true : VMs can be defined inline in templates
2018-09-15 14:33:47,215 - Velocimacro : allowInlineToOverride = false : VMs defined inline may NOT replace previous VM definitions
2018-09-15 14:33:47,215 - Velocimacro : allowInlineLocal = false : VMs defined inline will be global in scope if allowed.
2018-09-15 14:33:47,215 - Velocimacro : autoload off : VM system will not automatically reload global library macros
2018-09-15 14:33:47,245 - ResourceManager : found /template/entity.java.vm with loader org.apache.velocity.runtime.resource.loader.ClasspathResourceLoader
2018-09-15 14:33:47,257 - Null reference [template '/template/entity.java.vm', line 17, column 12] : ${author} cannot be resolved.
2018-09-15 14:33:47,267 - ResourceManager : found /template/mapper.java.vm with loader org.apache.velocity.runtime.resource.loader.ClasspathResourceLoader
2018-09-15 14:33:47,268 - Null reference [template '/template/mapper.java.vm', line 11, column 12] : ${author} cannot be resolved.
2018-09-15 14:33:47,274 - ResourceManager : found /template/mapper.xml.vm with loader org.apache.velocity.runtime.resource.loader.ClasspathResourceLoader
2018-09-15 14:33:47,279 - ResourceManager : found /template/boot.service.java.vm with loader org.apache.velocity.runtime.resource.loader.ClasspathResourceLoader
2018-09-15 14:33:47,281 - Null reference [template '/template/boot.service.java.vm', line 11, column 12] : ${author} cannot be resolved.
2018-09-15 14:33:47,287 - ResourceManager : found /template/serviceImpl.java.vm with loader org.apache.velocity.runtime.resource.loader.ClasspathResourceLoader
2018-09-15 14:33:47,289 - Null reference [template '/template/serviceImpl.java.vm', line 14, column 12] : ${author} cannot be resolved.
2018-09-15 14:33:47,292 - ResourceManager : found /template/xz.cont.controller.java.vm with loader org.apache.velocity.runtime.resource.loader.ClasspathResourceLoader
2018-09-15 14:33:47,293 - Null reference [template '/template/xz.cont.controller.java.vm', line 14, column 12] : ${author} cannot be resolved.
